# JRE version: OpenJDK Runtime Environment (8.0_202-b03) (build 1.8.0_202-release-1483-b03)
# Java VM: OpenJDK 64-Bit Server VM (25.202-b03 mixed mode windows-amd64 compressed oops)
Heap:
 PSYoungGen      total 212480K, used 165849K [0x00000000e0000000, 0x00000000f0d00000, 0x0000000100000000)
  eden space 193024K, 77% used [0x00000000e0000000,0x00000000e91446d0,0x00000000ebc80000)
  from space 19456K, 87% used [0x00000000ebc80000,0x00000000ecd31fb8,0x00000000ecf80000)
  to   space 21504K, 0% used [0x00000000ef800000,0x00000000ef800000,0x00000000f0d00000)
 ParOldGen       total 128000K, used 32613K [0x00000000a0000000, 0x00000000a7d00000, 0x00000000e0000000)
  object space 128000K, 25% used [0x00000000a0000000,0x00000000a1fd9488,0x00000000a7d00000)
 Metaspace       used 65928K, capacity 68024K, committed 68184K, reserved 1107968K
  class space    used 8831K, capacity 9300K, committed 9344K, reserved 1048576K
GC Heap History (10 events):
Event: 9.810 GC heap before
{Heap before GC invocations=12 (full 2):
 PSYoungGen      total 123904K, used 113152K [0x00000000e0000000, 0x00000000eb400000, 0x0000000100000000)
  eden space 113152K, 100% used [0x00000000e0000000,0x00000000e6e80000,0x00000000e6e80000)
  from space 10752K, 0% used [0x00000000e6e80000,0x00000000e6e80000,0x00000000e7900000)
  to   space 11776K, 0% used [0x00000000ea880000,0x00000000ea880000,0x00000000eb400000)
 ParOldGen       total 84480K, used 17310K [0x00000000a0000000, 0x00000000a5280000, 0x00000000e0000000)
  object space 84480K, 20% used [0x00000000a0000000,0x00000000a10e7b90,0x00000000a5280000)
 Metaspace       used 45326K, capacity 46402K, committed 46720K, reserved 1089536K
  class space    used 6109K, capacity 6414K, committed 6528K, reserved 1048576K
Event: 9.830 GC heap after
Heap after GC invocations=12 (full 2):
 PSYoungGen      total 159744K, used 11774K [0x00000000e0000000, 0x00000000eb400000, 0x0000000100000000)
  eden space 147968K, 0% used [0x00000000e0000000,0x00000000e0000000,0x00000000e9080000)
  from space 11776K, 99% used [0x00000000ea880000,0x00000000eb3ffbe8,0x00000000eb400000)
  to   space 14336K, 0% used [0x00000000e9800000,0x00000000e9800000,0x00000000ea600000)
 ParOldGen       total 84480K, used 20524K [0x00000000a0000000, 0x00000000a5280000, 0x00000000e0000000)
  object space 84480K, 24% used [0x00000000a0000000,0x00000000a140b268,0x00000000a5280000)
 Metaspace       used 45326K, capacity 46402K, committed 46720K, reserved 1089536K
  class space    used 6109K, capacity 6414K, committed 6528K, reserved 1048576K
}
Event: 12.225 GC heap before
{Heap before GC invocations=13 (full 2):
 PSYoungGen      total 159744K, used 159742K [0x00000000e0000000, 0x00000000eb400000, 0x0000000100000000)
  eden space 147968K, 100% used [0x00000000e0000000,0x00000000e9080000,0x00000000e9080000)
  from space 11776K, 99% used [0x00000000ea880000,0x00000000eb3ffbe8,0x00000000eb400000)
  to   space 14336K, 0% used [0x00000000e9800000,0x00000000e9800000,0x00000000ea600000)
 ParOldGen       total 84480K, used 20524K [0x00000000a0000000, 0x00000000a5280000, 0x00000000e0000000)
  object space 84480K, 24% used [0x00000000a0000000,0x00000000a140b268,0x00000000a5280000)
 Metaspace       used 55986K, capacity 57494K, committed 57728K, reserved 1099776K
  class space    used 7621K, capacity 8037K, committed 8064K, reserved 1048576K
Event: 12.267 GC heap after
Heap after GC invocations=13 (full 2):
 PSYoungGen      total 169984K, used 14307K [0x00000000e0000000, 0x00000000ee280000, 0x0000000100000000)
  eden space 155648K, 0% used [0x00000000e0000000,0x00000000e0000000,0x00000000e9800000)
  from space 14336K, 99% used [0x00000000e9800000,0x00000000ea5f8dc0,0x00000000ea600000)
  to   space 19456K, 0% used [0x00000000ecf80000,0x00000000ecf80000,0x00000000ee280000)
 ParOldGen       total 84480K, used 29290K [0x00000000a0000000, 0x00000000a5280000, 0x00000000e0000000)
  object space 84480K, 34% used [0x00000000a0000000,0x00000000a1c9a840,0x00000000a5280000)
 Metaspace       used 55986K, capacity 57494K, committed 57728K, reserved 1099776K
  class space    used 7621K, capacity 8037K, committed 8064K, reserved 1048576K
}
Event: 13.337 GC heap before
{Heap before GC invocations=14 (full 2):
 PSYoungGen      total 169984K, used 42179K [0x00000000e0000000, 0x00000000ee280000, 0x0000000100000000)
  eden space 155648K, 17% used [0x00000000e0000000,0x00000000e1b380d8,0x00000000e9800000)
  from space 14336K, 99% used [0x00000000e9800000,0x00000000ea5f8dc0,0x00000000ea600000)
  to   space 19456K, 0% used [0x00000000ecf80000,0x00000000ecf80000,0x00000000ee280000)
 ParOldGen       total 84480K, used 29290K [0x00000000a0000000, 0x00000000a5280000, 0x00000000e0000000)
  object space 84480K, 34% used [0x00000000a0000000,0x00000000a1c9a840,0x00000000a5280000)
 Metaspace       used 57510K, capacity 59040K, committed 59096K, reserved 1099776K
  class space    used 7827K, capacity 8191K, committed 8192K, reserved 1048576K
Event: 13.355 GC heap after
Heap after GC invocations=14 (full 2):
 PSYoungGen      total 212480K, used 2904K [0x00000000e0000000, 0x00000000eec00000, 0x0000000100000000)
  eden space 193024K, 0% used [0x00000000e0000000,0x00000000e0000000,0x00000000ebc80000)
  from space 19456K, 14% used [0x00000000ecf80000,0x00000000ed256020,0x00000000ee280000)
  to   space 19456K, 0% used [0x00000000ebc80000,0x00000000ebc80000,0x00000000ecf80000)
 ParOldGen       total 84480K, used 36650K [0x00000000a0000000, 0x00000000a5280000, 0x00000000e0000000)
  object space 84480K, 43% used [0x00000000a0000000,0x00000000a23caa28,0x00000000a5280000)
 Metaspace       used 57510K, capacity 59040K, committed 59096K, reserved 1099776K
  class space    used 7827K, capacity 8191K, committed 8192K, reserved 1048576K
}
Event: 13.355 GC heap before
{Heap before GC invocations=15 (full 3):
 PSYoungGen      total 212480K, used 2904K [0x00000000e0000000, 0x00000000eec00000, 0x0000000100000000)
  eden space 193024K, 0% used [0x00000000e0000000,0x00000000e0000000,0x00000000ebc80000)
  from space 19456K, 14% used [0x00000000ecf80000,0x00000000ed256020,0x00000000ee280000)
  to   space 19456K, 0% used [0x00000000ebc80000,0x00000000ebc80000,0x00000000ecf80000)
 ParOldGen       total 84480K, used 36650K [0x00000000a0000000, 0x00000000a5280000, 0x00000000e0000000)
  object space 84480K, 43% used [0x00000000a0000000,0x00000000a23caa28,0x00000000a5280000)
 Metaspace       used 57510K, capacity 59040K, committed 59096K, reserved 1099776K
  class space    used 7827K, capacity 8191K, committed 8192K, reserved 1048576K
Event: 13.643 GC heap after
Heap after GC invocations=15 (full 3):
 PSYoungGen      total 212480K, used 0K [0x00000000e0000000, 0x00000000eec00000, 0x0000000100000000)
  eden space 193024K, 0% used [0x00000000e0000000,0x00000000e0000000,0x00000000ebc80000)
  from space 19456K, 0% used [0x00000000ecf80000,0x00000000ecf80000,0x00000000ee280000)
  to   space 19456K, 0% used [0x00000000ebc80000,0x00000000ebc80000,0x00000000ecf80000)
 ParOldGen       total 128000K, used 32605K [0x00000000a0000000, 0x00000000a7d00000, 0x00000000e0000000)
  object space 128000K, 25% used [0x00000000a0000000,0x00000000a1fd7488,0x00000000a7d00000)
 Metaspace       used 57510K, capacity 59040K, committed 59096K, reserved 1099776K
  class space    used 7827K, capacity 8191K, committed 8192K, reserved 1048576K
}
Event: 18.876 GC heap before
{Heap before GC invocations=16 (full 3):
 PSYoungGen      total 212480K, used 193024K [0x00000000e0000000, 0x00000000eec00000, 0x0000000100000000)
  eden space 193024K, 100% used [0x00000000e0000000,0x00000000ebc80000,0x00000000ebc80000)
  from space 19456K, 0% used [0x00000000ecf80000,0x00000000ecf80000,0x00000000ee280000)
  to   space 19456K, 0% used [0x00000000ebc80000,0x00000000ebc80000,0x00000000ecf80000)
 ParOldGen       total 128000K, used 32605K [0x00000000a0000000, 0x00000000a7d00000, 0x00000000e0000000)
  object space 128000K, 25% used [0x00000000a0000000,0x00000000a1fd7488,0x00000000a7d00000)
 Metaspace       used 64277K, capacity 66414K, committed 66520K, reserved 1105920K
  class space    used 8687K, capacity 9155K, committed 9216K, reserved 1048576K
Event: 18.904 GC heap after
Heap after GC invocations=16 (full 3):
 PSYoungGen      total 212480K, used 17095K [0x00000000e0000000, 0x00000000f0d00000, 0x0000000100000000)
  eden space 193024K, 0% used [0x00000000e0000000,0x00000000e0000000,0x00000000ebc80000)
  from space 19456K, 87% used [0x00000000ebc80000,0x00000000ecd31fb8,0x00000000ecf80000)
  to   space 21504K, 0% used [0x00000000ef800000,0x00000000ef800000,0x00000000f0d00000)
 ParOldGen       total 128000K, used 32613K [0x00000000a0000000, 0x00000000a7d00000, 0x00000000e0000000)
  object space 128000K, 25% used [0x00000000a0000000,0x00000000a1fd9488,0x00000000a7d00000)
 Metaspace       used 64277K, capacity 66414K, committed 66520K, reserved 1105920K
  class space    used 8687K, capacity 9155K, committed 9216K, reserved 1048576K
}

