# JRE version: OpenJDK Runtime Environment (8.0_202-b03) (build 1.8.0_202-release-1483-b03)
# Java VM: OpenJDK 64-Bit Server VM (25.202-b03 mixed mode windows-amd64 compressed oops)
Heap:
 PSYoungGen      total 160256K, used 31660K [0x00000000e0000000, 0x00000000eaf80000, 0x0000000100000000)
  eden space 148480K, 13% used [0x00000000e0000000,0x00000000e136de18,0x00000000e9100000)
  from space 11776K, 99% used [0x00000000e9f00000,0x00000000eaa7d588,0x00000000eaa80000)
  to   space 14336K, 4% used [0x00000000e9100000,0x00000000e9190000,0x00000000e9f00000)
 ParOldGen       total 81920K, used 22835K [0x00000000a0000000, 0x00000000a5000000, 0x00000000e0000000)
  object space 81920K, 27% used [0x00000000a0000000,0x00000000a164ce68,0x00000000a5000000)
 Metaspace       used 45539K, capacity 46464K, committed 46680K, reserved 1093632K
  class space    used 6151K, capacity 6411K, committed 6528K, reserved 1048576K
GC Heap History (10 events):
Event: 6.610 GC heap after
Heap after GC invocations=8 (full 1):
 PSYoungGen      total 76800K, used 7852K [0x00000000e0000000, 0x00000000e8100000, 0x0000000100000000)
  eden space 66560K, 0% used [0x00000000e0000000,0x00000000e0000000,0x00000000e4100000)
  from space 10240K, 76% used [0x00000000e4100000,0x00000000e48ab0d8,0x00000000e4b00000)
  to   space 10240K, 0% used [0x00000000e7700000,0x00000000e7700000,0x00000000e8100000)
 ParOldGen       total 55808K, used 7655K [0x00000000a0000000, 0x00000000a3680000, 0x00000000e0000000)
  object space 55808K, 13% used [0x00000000a0000000,0x00000000a0779cc0,0x00000000a3680000)
 Metaspace       used 28665K, capacity 29104K, committed 29440K, reserved 1075200K
  class space    used 3863K, capacity 4011K, committed 4096K, reserved 1048576K
}
Event: 7.370 GC heap before
{Heap before GC invocations=9 (full 1):
 PSYoungGen      total 76800K, used 74412K [0x00000000e0000000, 0x00000000e8100000, 0x0000000100000000)
  eden space 66560K, 100% used [0x00000000e0000000,0x00000000e4100000,0x00000000e4100000)
  from space 10240K, 76% used [0x00000000e4100000,0x00000000e48ab0d8,0x00000000e4b00000)
  to   space 10240K, 0% used [0x00000000e7700000,0x00000000e7700000,0x00000000e8100000)
 ParOldGen       total 55808K, used 7655K [0x00000000a0000000, 0x00000000a3680000, 0x00000000e0000000)
  object space 55808K, 13% used [0x00000000a0000000,0x00000000a0779cc0,0x00000000a3680000)
 Metaspace       used 32049K, capacity 32552K, committed 32768K, reserved 1077248K
  class space    used 4411K, capacity 4563K, committed 4608K, reserved 1048576K
Event: 7.381 GC heap after
Heap after GC invocations=9 (full 1):
 PSYoungGen      total 120832K, used 8690K [0x00000000e0000000, 0x00000000e8100000, 0x0000000100000000)
  eden space 110592K, 0% used [0x00000000e0000000,0x00000000e0000000,0x00000000e6c00000)
  from space 10240K, 84% used [0x00000000e7700000,0x00000000e7f7c8e8,0x00000000e8100000)
  to   space 10752K, 0% used [0x00000000e6c00000,0x00000000e6c00000,0x00000000e7680000)
 ParOldGen       total 55808K, used 7663K [0x00000000a0000000, 0x00000000a3680000, 0x00000000e0000000)
  object space 55808K, 13% used [0x00000000a0000000,0x00000000a077bcc0,0x00000000a3680000)
 Metaspace       used 32049K, capacity 32552K, committed 32768K, reserved 1077248K
  class space    used 4411K, capacity 4563K, committed 4608K, reserved 1048576K
}
Event: 13.500 GC heap before
{Heap before GC invocations=10 (full 1):
 PSYoungGen      total 120832K, used 60131K [0x00000000e0000000, 0x00000000e8100000, 0x0000000100000000)
  eden space 110592K, 46% used [0x00000000e0000000,0x00000000e323c650,0x00000000e6c00000)
  from space 10240K, 84% used [0x00000000e7700000,0x00000000e7f7c8e8,0x00000000e8100000)
  to   space 10752K, 0% used [0x00000000e6c00000,0x00000000e6c00000,0x00000000e7680000)
 ParOldGen       total 55808K, used 7663K [0x00000000a0000000, 0x00000000a3680000, 0x00000000e0000000)
  object space 55808K, 13% used [0x00000000a0000000,0x00000000a077bcc0,0x00000000a3680000)
 Metaspace       used 34631K, capacity 35256K, committed 35416K, reserved 1079296K
  class space    used 4756K, capacity 4937K, committed 4992K, reserved 1048576K
Event: 13.515 GC heap after
Heap after GC invocations=10 (full 1):
 PSYoungGen      total 121344K, used 10734K [0x00000000e0000000, 0x00000000eaa80000, 0x0000000100000000)
  eden space 110592K, 0% used [0x00000000e0000000,0x00000000e0000000,0x00000000e6c00000)
  from space 10752K, 99% used [0x00000000e6c00000,0x00000000e767b930,0x00000000e7680000)
  to   space 11776K, 0% used [0x00000000e9f00000,0x00000000e9f00000,0x00000000eaa80000)
 ParOldGen       total 55808K, used 7703K [0x00000000a0000000, 0x00000000a3680000, 0x00000000e0000000)
  object space 55808K, 13% used [0x00000000a0000000,0x00000000a0785cc0,0x00000000a3680000)
 Metaspace       used 34631K, capacity 35256K, committed 35416K, reserved 1079296K
  class space    used 4756K, capacity 4937K, committed 4992K, reserved 1048576K
}
Event: 13.515 GC heap before
{Heap before GC invocations=11 (full 2):
 PSYoungGen      total 121344K, used 10734K [0x00000000e0000000, 0x00000000eaa80000, 0x0000000100000000)
  eden space 110592K, 0% used [0x00000000e0000000,0x00000000e0000000,0x00000000e6c00000)
  from space 10752K, 99% used [0x00000000e6c00000,0x00000000e767b930,0x00000000e7680000)
  to   space 11776K, 0% used [0x00000000e9f00000,0x00000000e9f00000,0x00000000eaa80000)
 ParOldGen       total 55808K, used 7703K [0x00000000a0000000, 0x00000000a3680000, 0x00000000e0000000)
  object space 55808K, 13% used [0x00000000a0000000,0x00000000a0785cc0,0x00000000a3680000)
 Metaspace       used 34631K, capacity 35256K, committed 35416K, reserved 1079296K
  class space    used 4756K, capacity 4937K, committed 4992K, reserved 1048576K
Event: 13.588 GC heap after
Heap after GC invocations=11 (full 2):
 PSYoungGen      total 121344K, used 0K [0x00000000e0000000, 0x00000000eaa80000, 0x0000000100000000)
  eden space 110592K, 0% used [0x00000000e0000000,0x00000000e0000000,0x00000000e6c00000)
  from space 10752K, 0% used [0x00000000e6c00000,0x00000000e6c00000,0x00000000e7680000)
  to   space 11776K, 0% used [0x00000000e9f00000,0x00000000e9f00000,0x00000000eaa80000)
 ParOldGen       total 81920K, used 17428K [0x00000000a0000000, 0x00000000a5000000, 0x00000000e0000000)
  object space 81920K, 21% used [0x00000000a0000000,0x00000000a11050a8,0x00000000a5000000)
 Metaspace       used 34624K, capacity 35232K, committed 35416K, reserved 1079296K
  class space    used 4754K, capacity 4933K, committed 4992K, reserved 1048576K
}
Event: 15.295 GC heap before
{Heap before GC invocations=12 (full 2):
 PSYoungGen      total 121344K, used 110592K [0x00000000e0000000, 0x00000000eaa80000, 0x0000000100000000)
  eden space 110592K, 100% used [0x00000000e0000000,0x00000000e6c00000,0x00000000e6c00000)
  from space 10752K, 0% used [0x00000000e6c00000,0x00000000e6c00000,0x00000000e7680000)
  to   space 11776K, 0% used [0x00000000e9f00000,0x00000000e9f00000,0x00000000eaa80000)
 ParOldGen       total 81920K, used 17428K [0x00000000a0000000, 0x00000000a5000000, 0x00000000e0000000)
  object space 81920K, 21% used [0x00000000a0000000,0x00000000a11050a8,0x00000000a5000000)
 Metaspace       used 45246K, capacity 46206K, committed 46552K, reserved 1089536K
  class space    used 6105K, capacity 6370K, committed 6400K, reserved 1048576K
Event: 15.318 GC heap after
Heap after GC invocations=12 (full 2):
 PSYoungGen      total 160256K, used 11765K [0x00000000e0000000, 0x00000000eaf80000, 0x0000000100000000)
  eden space 148480K, 0% used [0x00000000e0000000,0x00000000e0000000,0x00000000e9100000)
  from space 11776K, 99% used [0x00000000e9f00000,0x00000000eaa7d588,0x00000000eaa80000)
  to   space 14336K, 0% used [0x00000000e9100000,0x00000000e9100000,0x00000000e9f00000)
 ParOldGen       total 81920K, used 20510K [0x00000000a0000000, 0x00000000a5000000, 0x00000000e0000000)
  object space 81920K, 25% used [0x00000000a0000000,0x00000000a1407b98,0x00000000a5000000)
 Metaspace       used 45246K, capacity 46206K, committed 46552K, reserved 1089536K
  class space    used 6105K, capacity 6370K, committed 6400K, reserved 1048576K
}
Event: 15.949 GC heap before
{Heap before GC invocations=13 (full 2):
 PSYoungGen      total 160256K, used 31660K [0x00000000e0000000, 0x00000000eaf80000, 0x0000000100000000)
  eden space 148480K, 13% used [0x00000000e0000000,0x00000000e136de18,0x00000000e9100000)
  from space 11776K, 99% used [0x00000000e9f00000,0x00000000eaa7d588,0x00000000eaa80000)
  to   space 14336K, 0% used [0x00000000e9100000,0x00000000e9100000,0x00000000e9f00000)
 ParOldGen       total 81920K, used 20510K [0x00000000a0000000, 0x00000000a5000000, 0x00000000e0000000)
  object space 81920K, 25% used [0x00000000a0000000,0x00000000a1407b98,0x00000000a5000000)
 Metaspace       used 45539K, capacity 46464K, committed 46680K, reserved 1093632K
  class space    used 6151K, capacity 6411K, committed 6528K, reserved 1048576K

